  Final.c
c:\users\user\desktop\api\final.c(15712): warning C4554: '&': 연산자 우선 순위에 오류가 있는지 확인하십시오. 괄호를 사용하여 우선 순위를 명확하게 지정하십시오.
c:\users\user\desktop\api\final.c(15716): warning C4554: '&': 연산자 우선 순위에 오류가 있는지 확인하십시오. 괄호를 사용하여 우선 순위를 명확하게 지정하십시오.
c:\users\user\desktop\api\final.c(15722): warning C4554: '&': 연산자 우선 순위에 오류가 있는지 확인하십시오. 괄호를 사용하여 우선 순위를 명확하게 지정하십시오.
c:\users\user\desktop\api\final.c(15728): warning C4554: '&': 연산자 우선 순위에 오류가 있는지 확인하십시오. 괄호를 사용하여 우선 순위를 명확하게 지정하십시오.
c:\users\user\desktop\api\final.c(15734): warning C4554: '&': 연산자 우선 순위에 오류가 있는지 확인하십시오. 괄호를 사용하여 우선 순위를 명확하게 지정하십시오.
c:\users\user\desktop\api\final.c(15739): warning C4554: '&': 연산자 우선 순위에 오류가 있는지 확인하십시오. 괄호를 사용하여 우선 순위를 명확하게 지정하십시오.
c:\users\user\desktop\api\final.c(15743): warning C4554: '&': 연산자 우선 순위에 오류가 있는지 확인하십시오. 괄호를 사용하여 우선 순위를 명확하게 지정하십시오.
c:\users\user\desktop\api\final.c(15749): warning C4554: '&': 연산자 우선 순위에 오류가 있는지 확인하십시오. 괄호를 사용하여 우선 순위를 명확하게 지정하십시오.
c:\users\user\desktop\api\final.c(15755): warning C4554: '&': 연산자 우선 순위에 오류가 있는지 확인하십시오. 괄호를 사용하여 우선 순위를 명확하게 지정하십시오.
c:\users\user\desktop\api\final.c(15761): warning C4554: '&': 연산자 우선 순위에 오류가 있는지 확인하십시오. 괄호를 사용하여 우선 순위를 명확하게 지정하십시오.
c:\users\user\desktop\api\final.c(15766): warning C4554: '&': 연산자 우선 순위에 오류가 있는지 확인하십시오. 괄호를 사용하여 우선 순위를 명확하게 지정하십시오.
c:\users\user\desktop\api\final.c(15770): warning C4554: '&': 연산자 우선 순위에 오류가 있는지 확인하십시오. 괄호를 사용하여 우선 순위를 명확하게 지정하십시오.
c:\users\user\desktop\api\final.c(15776): warning C4554: '&': 연산자 우선 순위에 오류가 있는지 확인하십시오. 괄호를 사용하여 우선 순위를 명확하게 지정하십시오.
c:\users\user\desktop\api\final.c(15782): warning C4554: '&': 연산자 우선 순위에 오류가 있는지 확인하십시오. 괄호를 사용하여 우선 순위를 명확하게 지정하십시오.
c:\users\user\desktop\api\final.c(15789): warning C4554: '&': 연산자 우선 순위에 오류가 있는지 확인하십시오. 괄호를 사용하여 우선 순위를 명확하게 지정하십시오.
c:\users\user\desktop\api\final.c(15793): warning C4554: '&': 연산자 우선 순위에 오류가 있는지 확인하십시오. 괄호를 사용하여 우선 순위를 명확하게 지정하십시오.
c:\users\user\desktop\api\final.c(15797): warning C4554: '&': 연산자 우선 순위에 오류가 있는지 확인하십시오. 괄호를 사용하여 우선 순위를 명확하게 지정하십시오.
c:\users\user\desktop\api\final.c(15801): warning C4554: '&': 연산자 우선 순위에 오류가 있는지 확인하십시오. 괄호를 사용하여 우선 순위를 명확하게 지정하십시오.
c:\users\user\desktop\api\final.c(15807): warning C4554: '&': 연산자 우선 순위에 오류가 있는지 확인하십시오. 괄호를 사용하여 우선 순위를 명확하게 지정하십시오.
c:\users\user\desktop\api\final.c(15813): warning C4554: '&': 연산자 우선 순위에 오류가 있는지 확인하십시오. 괄호를 사용하여 우선 순위를 명확하게 지정하십시오.
c:\users\user\desktop\api\final.c(15841): warning C4554: '&': 연산자 우선 순위에 오류가 있는지 확인하십시오. 괄호를 사용하여 우선 순위를 명확하게 지정하십시오.
c:\users\user\desktop\api\final.c(15847): warning C4554: '&': 연산자 우선 순위에 오류가 있는지 확인하십시오. 괄호를 사용하여 우선 순위를 명확하게 지정하십시오.
c:\users\user\desktop\api\final.c(15853): warning C4554: '&': 연산자 우선 순위에 오류가 있는지 확인하십시오. 괄호를 사용하여 우선 순위를 명확하게 지정하십시오.
c:\users\user\desktop\api\final.c(15859): warning C4554: '&': 연산자 우선 순위에 오류가 있는지 확인하십시오. 괄호를 사용하여 우선 순위를 명확하게 지정하십시오.
c:\users\user\desktop\api\final.c(15865): warning C4554: '&': 연산자 우선 순위에 오류가 있는지 확인하십시오. 괄호를 사용하여 우선 순위를 명확하게 지정하십시오.
c:\users\user\desktop\api\final.c(15873): warning C4554: '&': 연산자 우선 순위에 오류가 있는지 확인하십시오. 괄호를 사용하여 우선 순위를 명확하게 지정하십시오.
c:\users\user\desktop\api\final.c(15879): warning C4554: '&': 연산자 우선 순위에 오류가 있는지 확인하십시오. 괄호를 사용하여 우선 순위를 명확하게 지정하십시오.
c:\users\user\desktop\api\final.c(15885): warning C4554: '&': 연산자 우선 순위에 오류가 있는지 확인하십시오. 괄호를 사용하여 우선 순위를 명확하게 지정하십시오.
c:\users\user\desktop\api\final.c(15891): warning C4554: '&': 연산자 우선 순위에 오류가 있는지 확인하십시오. 괄호를 사용하여 우선 순위를 명확하게 지정하십시오.
c:\users\user\desktop\api\final.c(15897): warning C4554: '&': 연산자 우선 순위에 오류가 있는지 확인하십시오. 괄호를 사용하여 우선 순위를 명확하게 지정하십시오.
c:\users\user\desktop\api\final.c(15905): warning C4554: '&': 연산자 우선 순위에 오류가 있는지 확인하십시오. 괄호를 사용하여 우선 순위를 명확하게 지정하십시오.
c:\users\user\desktop\api\final.c(15911): warning C4554: '&': 연산자 우선 순위에 오류가 있는지 확인하십시오. 괄호를 사용하여 우선 순위를 명확하게 지정하십시오.
c:\users\user\desktop\api\final.c(15917): warning C4554: '&': 연산자 우선 순위에 오류가 있는지 확인하십시오. 괄호를 사용하여 우선 순위를 명확하게 지정하십시오.
c:\users\user\desktop\api\final.c(15923): warning C4554: '&': 연산자 우선 순위에 오류가 있는지 확인하십시오. 괄호를 사용하여 우선 순위를 명확하게 지정하십시오.
c:\users\user\desktop\api\final.c(15929): warning C4554: '&': 연산자 우선 순위에 오류가 있는지 확인하십시오. 괄호를 사용하여 우선 순위를 명확하게 지정하십시오.
c:\users\user\desktop\api\final.c(15937): warning C4554: '&': 연산자 우선 순위에 오류가 있는지 확인하십시오. 괄호를 사용하여 우선 순위를 명확하게 지정하십시오.
c:\users\user\desktop\api\final.c(15943): warning C4554: '&': 연산자 우선 순위에 오류가 있는지 확인하십시오. 괄호를 사용하여 우선 순위를 명확하게 지정하십시오.
c:\users\user\desktop\api\final.c(15949): warning C4554: '&': 연산자 우선 순위에 오류가 있는지 확인하십시오. 괄호를 사용하여 우선 순위를 명확하게 지정하십시오.
c:\users\user\desktop\api\final.c(15955): warning C4554: '&': 연산자 우선 순위에 오류가 있는지 확인하십시오. 괄호를 사용하여 우선 순위를 명확하게 지정하십시오.
c:\users\user\desktop\api\final.c(15963): warning C4554: '&': 연산자 우선 순위에 오류가 있는지 확인하십시오. 괄호를 사용하여 우선 순위를 명확하게 지정하십시오.
c:\users\user\desktop\api\final.c(15969): warning C4554: '&': 연산자 우선 순위에 오류가 있는지 확인하십시오. 괄호를 사용하여 우선 순위를 명확하게 지정하십시오.
c:\users\user\desktop\api\final.c(15975): warning C4554: '&': 연산자 우선 순위에 오류가 있는지 확인하십시오. 괄호를 사용하여 우선 순위를 명확하게 지정하십시오.
c:\users\user\desktop\api\final.c(15983): warning C4554: '&': 연산자 우선 순위에 오류가 있는지 확인하십시오. 괄호를 사용하여 우선 순위를 명확하게 지정하십시오.
c:\users\user\desktop\api\final.c(15989): warning C4554: '&': 연산자 우선 순위에 오류가 있는지 확인하십시오. 괄호를 사용하여 우선 순위를 명확하게 지정하십시오.
c:\users\user\desktop\api\final.c(15995): warning C4554: '&': 연산자 우선 순위에 오류가 있는지 확인하십시오. 괄호를 사용하여 우선 순위를 명확하게 지정하십시오.
c:\users\user\desktop\api\final.c(16001): warning C4554: '&': 연산자 우선 순위에 오류가 있는지 확인하십시오. 괄호를 사용하여 우선 순위를 명확하게 지정하십시오.
c:\users\user\desktop\api\final.c(16009): warning C4554: '&': 연산자 우선 순위에 오류가 있는지 확인하십시오. 괄호를 사용하여 우선 순위를 명확하게 지정하십시오.
c:\users\user\desktop\api\final.c(16015): warning C4554: '&': 연산자 우선 순위에 오류가 있는지 확인하십시오. 괄호를 사용하여 우선 순위를 명확하게 지정하십시오.
c:\users\user\desktop\api\final.c(16021): warning C4554: '&': 연산자 우선 순위에 오류가 있는지 확인하십시오. 괄호를 사용하여 우선 순위를 명확하게 지정하십시오.
c:\users\user\desktop\api\final.c(16027): warning C4554: '&': 연산자 우선 순위에 오류가 있는지 확인하십시오. 괄호를 사용하여 우선 순위를 명확하게 지정하십시오.
c:\users\user\desktop\api\final.c(16035): warning C4554: '&': 연산자 우선 순위에 오류가 있는지 확인하십시오. 괄호를 사용하여 우선 순위를 명확하게 지정하십시오.
c:\users\user\desktop\api\final.c(16041): warning C4554: '&': 연산자 우선 순위에 오류가 있는지 확인하십시오. 괄호를 사용하여 우선 순위를 명확하게 지정하십시오.
c:\users\user\desktop\api\final.c(16047): warning C4554: '&': 연산자 우선 순위에 오류가 있는지 확인하십시오. 괄호를 사용하여 우선 순위를 명확하게 지정하십시오.
c:\users\user\desktop\api\final.c(16053): warning C4554: '&': 연산자 우선 순위에 오류가 있는지 확인하십시오. 괄호를 사용하여 우선 순위를 명확하게 지정하십시오.
c:\users\user\desktop\api\final.c(16061): warning C4554: '&': 연산자 우선 순위에 오류가 있는지 확인하십시오. 괄호를 사용하여 우선 순위를 명확하게 지정하십시오.
c:\users\user\desktop\api\final.c(16067): warning C4554: '&': 연산자 우선 순위에 오류가 있는지 확인하십시오. 괄호를 사용하여 우선 순위를 명확하게 지정하십시오.
c:\users\user\desktop\api\final.c(16073): warning C4554: '&': 연산자 우선 순위에 오류가 있는지 확인하십시오. 괄호를 사용하여 우선 순위를 명확하게 지정하십시오.
c:\users\user\desktop\api\final.c(16079): warning C4554: '&': 연산자 우선 순위에 오류가 있는지 확인하십시오. 괄호를 사용하여 우선 순위를 명확하게 지정하십시오.
c:\users\user\desktop\api\final.c(16087): warning C4554: '&': 연산자 우선 순위에 오류가 있는지 확인하십시오. 괄호를 사용하여 우선 순위를 명확하게 지정하십시오.
c:\users\user\desktop\api\final.c(16093): warning C4554: '&': 연산자 우선 순위에 오류가 있는지 확인하십시오. 괄호를 사용하여 우선 순위를 명확하게 지정하십시오.
c:\users\user\desktop\api\final.c(16099): warning C4554: '&': 연산자 우선 순위에 오류가 있는지 확인하십시오. 괄호를 사용하여 우선 순위를 명확하게 지정하십시오.
c:\users\user\desktop\api\final.c(16107): warning C4554: '&': 연산자 우선 순위에 오류가 있는지 확인하십시오. 괄호를 사용하여 우선 순위를 명확하게 지정하십시오.
c:\users\user\desktop\api\final.c(16113): warning C4554: '&': 연산자 우선 순위에 오류가 있는지 확인하십시오. 괄호를 사용하여 우선 순위를 명확하게 지정하십시오.
c:\users\user\desktop\api\final.c(16119): warning C4554: '&': 연산자 우선 순위에 오류가 있는지 확인하십시오. 괄호를 사용하여 우선 순위를 명확하게 지정하십시오.
c:\users\user\desktop\api\final.c(16125): warning C4554: '&': 연산자 우선 순위에 오류가 있는지 확인하십시오. 괄호를 사용하여 우선 순위를 명확하게 지정하십시오.
c:\users\user\desktop\api\final.c(16156): warning C4554: '&': 연산자 우선 순위에 오류가 있는지 확인하십시오. 괄호를 사용하여 우선 순위를 명확하게 지정하십시오.
c:\users\user\desktop\api\final.c(16160): warning C4554: '&': 연산자 우선 순위에 오류가 있는지 확인하십시오. 괄호를 사용하여 우선 순위를 명확하게 지정하십시오.
c:\users\user\desktop\api\final.c(16166): warning C4554: '&': 연산자 우선 순위에 오류가 있는지 확인하십시오. 괄호를 사용하여 우선 순위를 명확하게 지정하십시오.
c:\users\user\desktop\api\final.c(16191): warning C4554: '&': 연산자 우선 순위에 오류가 있는지 확인하십시오. 괄호를 사용하여 우선 순위를 명확하게 지정하십시오.
c:\users\user\desktop\api\final.c(16197): warning C4554: '&': 연산자 우선 순위에 오류가 있는지 확인하십시오. 괄호를 사용하여 우선 순위를 명확하게 지정하십시오.
c:\users\user\desktop\api\final.c(16220): warning C4013: 'Enter_point_idx'이(가) 정의되지 않았습니다. extern은 int형을 반환하는 것으로 간주합니다.
c:\users\user\desktop\api\final.c(16231): warning C4554: '&': 연산자 우선 순위에 오류가 있는지 확인하십시오. 괄호를 사용하여 우선 순위를 명확하게 지정하십시오.
c:\users\user\desktop\api\final.c(16235): warning C4554: '&': 연산자 우선 순위에 오류가 있는지 확인하십시오. 괄호를 사용하여 우선 순위를 명확하게 지정하십시오.
c:\users\user\desktop\api\final.c(16268): warning C4554: '&': 연산자 우선 순위에 오류가 있는지 확인하십시오. 괄호를 사용하여 우선 순위를 명확하게 지정하십시오.
c:\users\user\desktop\api\final.c(16296): warning C4554: '&': 연산자 우선 순위에 오류가 있는지 확인하십시오. 괄호를 사용하여 우선 순위를 명확하게 지정하십시오.
c:\users\user\desktop\api\final.c(16329): warning C4554: '&': 연산자 우선 순위에 오류가 있는지 확인하십시오. 괄호를 사용하여 우선 순위를 명확하게 지정하십시오.
c:\users\user\desktop\api\final.c(16331): warning C4013: 'cnt_Enter_point'이(가) 정의되지 않았습니다. extern은 int형을 반환하는 것으로 간주합니다.
c:\users\user\desktop\api\final.c(16344): warning C4554: '&': 연산자 우선 순위에 오류가 있는지 확인하십시오. 괄호를 사용하여 우선 순위를 명확하게 지정하십시오.
c:\users\user\desktop\api\final.c(16348): warning C4554: '&': 연산자 우선 순위에 오류가 있는지 확인하십시오. 괄호를 사용하여 우선 순위를 명확하게 지정하십시오.
c:\users\user\desktop\api\final.c(16381): warning C4554: '&': 연산자 우선 순위에 오류가 있는지 확인하십시오. 괄호를 사용하여 우선 순위를 명확하게 지정하십시오.
c:\users\user\desktop\api\final.c(16414): warning C4554: '&': 연산자 우선 순위에 오류가 있는지 확인하십시오. 괄호를 사용하여 우선 순위를 명확하게 지정하십시오.
c:\users\user\desktop\api\final.c(16448): warning C4554: '&': 연산자 우선 순위에 오류가 있는지 확인하십시오. 괄호를 사용하여 우선 순위를 명확하게 지정하십시오.
c:\users\user\desktop\api\final.c(16452): warning C4554: '&': 연산자 우선 순위에 오류가 있는지 확인하십시오. 괄호를 사용하여 우선 순위를 명확하게 지정하십시오.
c:\users\user\desktop\api\final.c(16456): warning C4554: '&': 연산자 우선 순위에 오류가 있는지 확인하십시오. 괄호를 사용하여 우선 순위를 명확하게 지정하십시오.
c:\users\user\desktop\api\final.c(16465): warning C4554: '&': 연산자 우선 순위에 오류가 있는지 확인하십시오. 괄호를 사용하여 우선 순위를 명확하게 지정하십시오.
c:\users\user\desktop\api\final.c(16493): warning C4554: '&': 연산자 우선 순위에 오류가 있는지 확인하십시오. 괄호를 사용하여 우선 순위를 명확하게 지정하십시오.
c:\users\user\desktop\api\final.c(16531): warning C4554: '&': 연산자 우선 순위에 오류가 있는지 확인하십시오. 괄호를 사용하여 우선 순위를 명확하게 지정하십시오.
c:\users\user\desktop\api\final.c(16562): warning C4554: '&': 연산자 우선 순위에 오류가 있는지 확인하십시오. 괄호를 사용하여 우선 순위를 명확하게 지정하십시오.
c:\users\user\desktop\api\final.c(16569): warning C4554: '&': 연산자 우선 순위에 오류가 있는지 확인하십시오. 괄호를 사용하여 우선 순위를 명확하게 지정하십시오.
c:\users\user\desktop\api\final.c(16578): warning C4554: '&': 연산자 우선 순위에 오류가 있는지 확인하십시오. 괄호를 사용하여 우선 순위를 명확하게 지정하십시오.
c:\users\user\desktop\api\final.c(16586): warning C4554: '&': 연산자 우선 순위에 오류가 있는지 확인하십시오. 괄호를 사용하여 우선 순위를 명확하게 지정하십시오.
c:\users\user\desktop\api\final.c(16595): warning C4554: '&': 연산자 우선 순위에 오류가 있는지 확인하십시오. 괄호를 사용하여 우선 순위를 명확하게 지정하십시오.
c:\users\user\desktop\api\final.c(16605): warning C4554: '&': 연산자 우선 순위에 오류가 있는지 확인하십시오. 괄호를 사용하여 우선 순위를 명확하게 지정하십시오.
c:\users\user\desktop\api\final.c(16612): warning C4554: '&': 연산자 우선 순위에 오류가 있는지 확인하십시오. 괄호를 사용하여 우선 순위를 명확하게 지정하십시오.
c:\users\user\desktop\api\final.c(16620): warning C4554: '&': 연산자 우선 순위에 오류가 있는지 확인하십시오. 괄호를 사용하여 우선 순위를 명확하게 지정하십시오.
c:\users\user\desktop\api\final.c(16628): warning C4554: '&': 연산자 우선 순위에 오류가 있는지 확인하십시오. 괄호를 사용하여 우선 순위를 명확하게 지정하십시오.
c:\users\user\desktop\api\final.c(16636): warning C4554: '&': 연산자 우선 순위에 오류가 있는지 확인하십시오. 괄호를 사용하여 우선 순위를 명확하게 지정하십시오.
c:\users\user\desktop\api\final.c(16646): warning C4554: '&': 연산자 우선 순위에 오류가 있는지 확인하십시오. 괄호를 사용하여 우선 순위를 명확하게 지정하십시오.
c:\users\user\desktop\api\final.c(16653): warning C4554: '&': 연산자 우선 순위에 오류가 있는지 확인하십시오. 괄호를 사용하여 우선 순위를 명확하게 지정하십시오.
c:\users\user\desktop\api\final.c(16661): warning C4554: '&': 연산자 우선 순위에 오류가 있는지 확인하십시오. 괄호를 사용하여 우선 순위를 명확하게 지정하십시오.
c:\users\user\desktop\api\final.c(16670): warning C4554: '&': 연산자 우선 순위에 오류가 있는지 확인하십시오. 괄호를 사용하여 우선 순위를 명확하게 지정하십시오.
c:\users\user\desktop\api\final.c(16678): warning C4554: '&': 연산자 우선 순위에 오류가 있는지 확인하십시오. 괄호를 사용하여 우선 순위를 명확하게 지정하십시오.
c:\users\user\desktop\api\final.c(16689): warning C4554: '&': 연산자 우선 순위에 오류가 있는지 확인하십시오. 괄호를 사용하여 우선 순위를 명확하게 지정하십시오.
c:\users\user\desktop\api\final.c(16696): warning C4554: '&': 연산자 우선 순위에 오류가 있는지 확인하십시오. 괄호를 사용하여 우선 순위를 명확하게 지정하십시오.
c:\users\user\desktop\api\final.c(16703): warning C4554: '&': 연산자 우선 순위에 오류가 있는지 확인하십시오. 괄호를 사용하여 우선 순위를 명확하게 지정하십시오.
c:\users\user\desktop\api\final.c(16710): warning C4554: '&': 연산자 우선 순위에 오류가 있는지 확인하십시오. 괄호를 사용하여 우선 순위를 명확하게 지정하십시오.
c:\users\user\desktop\api\final.c(16719): warning C4554: '&': 연산자 우선 순위에 오류가 있는지 확인하십시오. 괄호를 사용하여 우선 순위를 명확하게 지정하십시오.
c:\users\user\desktop\api\final.c(16726): warning C4554: '&': 연산자 우선 순위에 오류가 있는지 확인하십시오. 괄호를 사용하여 우선 순위를 명확하게 지정하십시오.
c:\users\user\desktop\api\final.c(16733): warning C4554: '&': 연산자 우선 순위에 오류가 있는지 확인하십시오. 괄호를 사용하여 우선 순위를 명확하게 지정하십시오.
c:\users\user\desktop\api\final.c(16742): warning C4554: '&': 연산자 우선 순위에 오류가 있는지 확인하십시오. 괄호를 사용하여 우선 순위를 명확하게 지정하십시오.
c:\users\user\desktop\api\final.c(16749): warning C4554: '&': 연산자 우선 순위에 오류가 있는지 확인하십시오. 괄호를 사용하여 우선 순위를 명확하게 지정하십시오.
c:\users\user\desktop\api\final.c(16756): warning C4554: '&': 연산자 우선 순위에 오류가 있는지 확인하십시오. 괄호를 사용하여 우선 순위를 명확하게 지정하십시오.
c:\users\user\desktop\api\final.c(16763): warning C4554: '&': 연산자 우선 순위에 오류가 있는지 확인하십시오. 괄호를 사용하여 우선 순위를 명확하게 지정하십시오.
c:\users\user\desktop\api\final.c(16772): warning C4554: '&': 연산자 우선 순위에 오류가 있는지 확인하십시오. 괄호를 사용하여 우선 순위를 명확하게 지정하십시오.
c:\users\user\desktop\api\final.c(16779): warning C4554: '&': 연산자 우선 순위에 오류가 있는지 확인하십시오. 괄호를 사용하여 우선 순위를 명확하게 지정하십시오.
c:\users\user\desktop\api\final.c(16786): warning C4554: '&': 연산자 우선 순위에 오류가 있는지 확인하십시오. 괄호를 사용하여 우선 순위를 명확하게 지정하십시오.
c:\users\user\desktop\api\final.c(16793): warning C4554: '&': 연산자 우선 순위에 오류가 있는지 확인하십시오. 괄호를 사용하여 우선 순위를 명확하게 지정하십시오.
c:\users\user\desktop\api\final.c(16802): warning C4554: '&': 연산자 우선 순위에 오류가 있는지 확인하십시오. 괄호를 사용하여 우선 순위를 명확하게 지정하십시오.
c:\users\user\desktop\api\final.c(16809): warning C4554: '&': 연산자 우선 순위에 오류가 있는지 확인하십시오. 괄호를 사용하여 우선 순위를 명확하게 지정하십시오.
c:\users\user\desktop\api\final.c(16816): warning C4554: '&': 연산자 우선 순위에 오류가 있는지 확인하십시오. 괄호를 사용하여 우선 순위를 명확하게 지정하십시오.
c:\users\user\desktop\api\final.c(16823): warning C4554: '&': 연산자 우선 순위에 오류가 있는지 확인하십시오. 괄호를 사용하여 우선 순위를 명확하게 지정하십시오.
c:\users\user\desktop\api\final.c(16832): warning C4554: '&': 연산자 우선 순위에 오류가 있는지 확인하십시오. 괄호를 사용하여 우선 순위를 명확하게 지정하십시오.
c:\users\user\desktop\api\final.c(16839): warning C4554: '&': 연산자 우선 순위에 오류가 있는지 확인하십시오. 괄호를 사용하여 우선 순위를 명확하게 지정하십시오.
c:\users\user\desktop\api\final.c(16846): warning C4554: '&': 연산자 우선 순위에 오류가 있는지 확인하십시오. 괄호를 사용하여 우선 순위를 명확하게 지정하십시오.
c:\users\user\desktop\api\final.c(16853): warning C4554: '&': 연산자 우선 순위에 오류가 있는지 확인하십시오. 괄호를 사용하여 우선 순위를 명확하게 지정하십시오.
c:\users\user\desktop\api\final.c(16862): warning C4554: '&': 연산자 우선 순위에 오류가 있는지 확인하십시오. 괄호를 사용하여 우선 순위를 명확하게 지정하십시오.
c:\users\user\desktop\api\final.c(16869): warning C4554: '&': 연산자 우선 순위에 오류가 있는지 확인하십시오. 괄호를 사용하여 우선 순위를 명확하게 지정하십시오.
c:\users\user\desktop\api\final.c(16876): warning C4554: '&': 연산자 우선 순위에 오류가 있는지 확인하십시오. 괄호를 사용하여 우선 순위를 명확하게 지정하십시오.
c:\users\user\desktop\api\final.c(16885): warning C4554: '&': 연산자 우선 순위에 오류가 있는지 확인하십시오. 괄호를 사용하여 우선 순위를 명확하게 지정하십시오.
c:\users\user\desktop\api\final.c(16892): warning C4554: '&': 연산자 우선 순위에 오류가 있는지 확인하십시오. 괄호를 사용하여 우선 순위를 명확하게 지정하십시오.
c:\users\user\desktop\api\final.c(16899): warning C4554: '&': 연산자 우선 순위에 오류가 있는지 확인하십시오. 괄호를 사용하여 우선 순위를 명확하게 지정하십시오.
c:\users\user\desktop\api\final.c(16906): warning C4554: '&': 연산자 우선 순위에 오류가 있는지 확인하십시오. 괄호를 사용하여 우선 순위를 명확하게 지정하십시오.
c:\users\user\desktop\api\final.c(16948): warning C4047: '!=': 'int'의 간접 참조 수준이 'void *'과(와) 다릅니다.
c:\users\user\desktop\api\final.c(17239): warning C4047: '!=': 'int'의 간접 참조 수준이 'void *'과(와) 다릅니다.
c:\users\user\desktop\api\final.c(17302): warning C4047: '!=': 'int'의 간접 참조 수준이 'void *'과(와) 다릅니다.
c:\users\user\desktop\api\final.c(17682): warning C4047: '!=': 'int'의 간접 참조 수준이 'void *'과(와) 다릅니다.
c:\users\user\desktop\api\final.c(17688): warning C4013: 'cnt_Word_one'이(가) 정의되지 않았습니다. extern은 int형을 반환하는 것으로 간주합니다.
c:\users\user\desktop\api\final.c(17778): warning C4554: '&': 연산자 우선 순위에 오류가 있는지 확인하십시오. 괄호를 사용하여 우선 순위를 명확하게 지정하십시오.
c:\users\user\desktop\api\final.c(17790): warning C4554: '&': 연산자 우선 순위에 오류가 있는지 확인하십시오. 괄호를 사용하여 우선 순위를 명확하게 지정하십시오.
c:\users\user\desktop\api\final.c(17805): warning C4554: '&': 연산자 우선 순위에 오류가 있는지 확인하십시오. 괄호를 사용하여 우선 순위를 명확하게 지정하십시오.
c:\users\user\desktop\api\final.c(17857): warning C4554: '&': 연산자 우선 순위에 오류가 있는지 확인하십시오. 괄호를 사용하여 우선 순위를 명확하게 지정하십시오.
c:\users\user\desktop\api\final.c(17899): warning C4554: '&': 연산자 우선 순위에 오류가 있는지 확인하십시오. 괄호를 사용하여 우선 순위를 명확하게 지정하십시오.
c:\users\user\desktop\api\final.c(17974): warning C4554: '&': 연산자 우선 순위에 오류가 있는지 확인하십시오. 괄호를 사용하여 우선 순위를 명확하게 지정하십시오.
c:\users\user\desktop\api\final.c(17985): warning C4554: '&': 연산자 우선 순위에 오류가 있는지 확인하십시오. 괄호를 사용하여 우선 순위를 명확하게 지정하십시오.
c:\users\user\desktop\api\final.c(18035): warning C4554: '&': 연산자 우선 순위에 오류가 있는지 확인하십시오. 괄호를 사용하여 우선 순위를 명확하게 지정하십시오.
c:\users\user\desktop\api\final.c(18050): warning C4554: '&': 연산자 우선 순위에 오류가 있는지 확인하십시오. 괄호를 사용하여 우선 순위를 명확하게 지정하십시오.
c:\users\user\desktop\api\final.c(18065): warning C4554: '&': 연산자 우선 순위에 오류가 있는지 확인하십시오. 괄호를 사용하여 우선 순위를 명확하게 지정하십시오.
c:\users\user\desktop\api\final.c(18191): warning C4554: '&': 연산자 우선 순위에 오류가 있는지 확인하십시오. 괄호를 사용하여 우선 순위를 명확하게 지정하십시오.
c:\users\user\desktop\api\final.c(17271): warning C4715: 'Enter_point_idx': 모든 제어 경로에서 값을 반환하지는 않습니다.
  API.vcxproj -> C:\Users\user\Desktop\API\Debug\API.exe
